<?xml version="1.0" encoding="UTF-8"?>
<testng-results ignored="0" total="2" passed="2" failed="0" skipped="0">
  <reporter-output>
  </reporter-output>
  <suite started-at="2025-11-25T15:53:43 IST" name="Default suite" finished-at="2025-11-25T15:54:24 IST" duration-ms="40916">
    <groups>
      <group name="cucumber">
        <method signature="AbstractTestNGCucumberTests.runScenario(io.cucumber.testng.PickleWrapper,io.cucumber.testng.FeatureWrapper)[pri:0, instance:runner.RunTest@77f1baf5]" name="runScenario" class="io.cucumber.testng.AbstractTestNGCucumberTests"/>
      </group> <!-- cucumber -->
    </groups>
    <test started-at="2025-11-25T15:53:43 IST" name="Default test" finished-at="2025-11-25T15:54:24 IST" duration-ms="40916">
      <class name="runner.RunTest">
        <test-method is-config="true" signature="setUpClass(org.testng.ITestContext)[pri:0, instance:runner.RunTest@77f1baf5]" started-at="2025-11-25T15:53:43 IST" name="setUpClass" finished-at="2025-11-25T15:53:44 IST" duration-ms="547" status="PASS">
          <params>
            <param index="0">
              <value>
                <![CDATA[org.testng.TestRunner@9d200de]]>
              </value>
            </param>
          </params>
          <reporter-output>
          </reporter-output>
        </test-method> <!-- setUpClass -->
        <test-method signature="runScenario(io.cucumber.testng.PickleWrapper,io.cucumber.testng.FeatureWrapper)[pri:0, instance:runner.RunTest@77f1baf5]" started-at="2025-11-25T15:53:44 IST" name="runScenario" description="Runs Cucumber Scenarios" data-provider="scenarios" finished-at="2025-11-25T15:53:54 IST" duration-ms="10553" status="PASS">
          <params>
            <param index="0">
              <value>
                <![CDATA["Test LoginPage functionality"]]>
              </value>
            </param>
            <param index="1">
              <value>
                <![CDATA["Test OranageHRM Application"]]>
              </value>
            </param>
          </params>
          <reporter-output>
          </reporter-output>
        </test-method> <!-- runScenario -->
        <test-method signature="runScenario(io.cucumber.testng.PickleWrapper,io.cucumber.testng.FeatureWrapper)[pri:0, instance:runner.RunTest@77f1baf5]" started-at="2025-11-25T15:53:54 IST" name="runScenario" description="Runs Cucumber Scenarios" data-provider="scenarios" finished-at="2025-11-25T15:54:24 IST" duration-ms="29575" status="PASS">
          <params>
            <param index="0">
              <value>
                <![CDATA["Test PimPage"]]>
              </value>
            </param>
            <param index="1">
              <value>
                <![CDATA["Test OranageHRM Application"]]>
              </value>
            </param>
          </params>
          <reporter-output>
          </reporter-output>
        </test-method> <!-- runScenario -->
        <test-method is-config="true" signature="tearDownClass()[pri:0, instance:runner.RunTest@77f1baf5]" started-at="2025-11-25T15:54:24 IST" name="tearDownClass" finished-at="2025-11-25T15:54:24 IST" duration-ms="3" status="PASS">
          <reporter-output>
          </reporter-output>
        </test-method> <!-- tearDownClass -->
      </class> <!-- runner.RunTest -->
    </test> <!-- Default test -->
  </suite> <!-- Default suite -->
</testng-results>
